<?xml version="1.0" encoding="UTF-8"?>
<!-- Generated by org.testng.reporters.JUnitReportReporter -->
<testsuite hostname="DESKTOP-K5O4J25" failures="0" tests="2" name="Testng.day1" time="0.013" errors="0" timestamp="01 Jul 2022 09:03:49 GMT" skipped="0">
  <testcase classname="Testng.day1" name="SecondTest" time="0.009"/>
  <testcase classname="Testng.day1" name="demo" time="0.004"/>
</testsuite> <!-- Testng.day1 -->
