<?xml version="1.0" encoding="UTF-8"?>
<!-- Generated by org.testng.reporters.JUnitReportReporter -->
<testsuite hostname="DESKTOP-K5O4J25" failures="0" tests="7" name="Testng.day3" time="0.014" errors="0" timestamp="01 Jul 2022 09:03:49 GMT" skipped="0">
  <testcase classname="Testng.day3" name="MobileLogoutCarLoan" time="0.001"/>
  <testcase classname="Testng.day3" name="LoginAPICarLoan" time="0.001"/>
  <testcase classname="Testng.day3" name="login" time="0.001"/>
  <testcase classname="Testng.day3" name="MobileLoginCarLoan" time="0.009"/>
  <testcase classname="Testng.day3" name="WebloginCarLoan" time="0.002"/>
  <testcase classname="Testng.day3" name="login" time="0.000"/>
  <testcase classname="Testng.day3" name="login" time="0.000"/>
</testsuite> <!-- Testng.day3 -->
