<?xml version="1.0" encoding="UTF-8"?>
<!-- Generated by org.testng.reporters.JUnitReportReporter -->
<testsuite skipped="1" hostname="DESKTOP-K5O4J25" name="Academy.ValidatePage" tests="1" failures="0" timestamp="02 Aug 2022 08:34:09 GMT" time="0.000" errors="0">
  <testcase name="valid" time="0.000" classname="Academy.ValidatePage">
    <skipped/>
  </testcase> <!-- valid -->
</testsuite> <!-- Academy.ValidatePage -->
